Copyright 1986-2022 Xilinx, Inc. All Rights Reserved.
-------------------------------------------------------------------------------------------------------------------------------
| Tool Version : Vivado v.2022.2 (lin64) Build 3671981 Fri Oct 14 04:59:54 MDT 2022
| Date         : Fri Oct 14 13:40:08 2022
| Host         : xcosswbld17 running 64-bit Ubuntu 18.04.5 LTS
| Command      : report_utilization -file project_1_wrapper_utilization_placed.rpt -pb project_1_wrapper_utilization_placed.pb
| Design       : project_1_wrapper
| Device       : xczu28dr-ffvg1517-2-e
| Speed File   : -2
| Design State : Fully Placed
-------------------------------------------------------------------------------------------------------------------------------

Utilization Design Information

Table of Contents
-----------------
1. CLB Logic
1.1 Summary of Registers by Type
2. CLB Logic Distribution
3. BLOCKRAM
4. ARITHMETIC
5. I/O
6. CLOCK
7. ADVANCED
8. CONFIGURATION
9. Primitives
10. Black Boxes
11. Instantiated Netlists

1. CLB Logic
------------

+----------------------------+-------+-------+------------+-----------+-------+
|          Site Type         |  Used | Fixed | Prohibited | Available | Util% |
+----------------------------+-------+-------+------------+-----------+-------+
| CLB LUTs                   | 25104 |     0 |          0 |    425280 |  5.90 |
|   LUT as Logic             | 24157 |     0 |          0 |    425280 |  5.68 |
|   LUT as Memory            |   947 |     0 |          0 |    213600 |  0.44 |
|     LUT as Distributed RAM |   360 |     0 |            |           |       |
|     LUT as Shift Register  |   587 |     0 |            |           |       |
| CLB Registers              | 39146 |     0 |          0 |    850560 |  4.60 |
|   Register as Flip Flop    | 39146 |     0 |          0 |    850560 |  4.60 |
|   Register as Latch        |     0 |     0 |          0 |    850560 |  0.00 |
| CARRY8                     |   810 |     0 |          0 |     53160 |  1.52 |
| F7 Muxes                   |   840 |     0 |          0 |    212640 |  0.40 |
| F8 Muxes                   |   284 |     0 |          0 |    106320 |  0.27 |
| F9 Muxes                   |     0 |     0 |          0 |     53160 |  0.00 |
+----------------------------+-------+-------+------------+-----------+-------+
* Warning! LUT value is adjusted to account for LUT combining.


1.1 Summary of Registers by Type
--------------------------------

+-------+--------------+-------------+--------------+
| Total | Clock Enable | Synchronous | Asynchronous |
+-------+--------------+-------------+--------------+
| 0     |            _ |           - |            - |
| 0     |            _ |           - |          Set |
| 0     |            _ |           - |        Reset |
| 0     |            _ |         Set |            - |
| 0     |            _ |       Reset |            - |
| 0     |          Yes |           - |            - |
| 176   |          Yes |           - |          Set |
| 268   |          Yes |           - |        Reset |
| 1522  |          Yes |         Set |            - |
| 37180 |          Yes |       Reset |            - |
+-------+--------------+-------------+--------------+


2. CLB Logic Distribution
-------------------------

+--------------------------------------------+-------+-------+------------+-----------+-------+
|                  Site Type                 |  Used | Fixed | Prohibited | Available | Util% |
+--------------------------------------------+-------+-------+------------+-----------+-------+
| CLB                                        |  6425 |     0 |          0 |     53160 | 12.09 |
|   CLBL                                     |  3125 |     0 |            |           |       |
|   CLBM                                     |  3300 |     0 |            |           |       |
| LUT as Logic                               | 24157 |     0 |          0 |    425280 |  5.68 |
|   using O5 output only                     |   380 |       |            |           |       |
|   using O6 output only                     | 17765 |       |            |           |       |
|   using O5 and O6                          |  6012 |       |            |           |       |
| LUT as Memory                              |   947 |     0 |          0 |    213600 |  0.44 |
|   LUT as Distributed RAM                   |   360 |     0 |            |           |       |
|     using O5 output only                   |     0 |       |            |           |       |
|     using O6 output only                   |     8 |       |            |           |       |
|     using O5 and O6                        |   352 |       |            |           |       |
|   LUT as Shift Register                    |   587 |     0 |            |           |       |
|     using O5 output only                   |     0 |       |            |           |       |
|     using O6 output only                   |   443 |       |            |           |       |
|     using O5 and O6                        |   144 |       |            |           |       |
| CLB Registers                              | 39146 |     0 |          0 |    850560 |  4.60 |
|   Register driven from within the CLB      | 15171 |       |            |           |       |
|   Register driven from outside the CLB     | 23975 |       |            |           |       |
|     LUT in front of the register is unused | 16080 |       |            |           |       |
|     LUT in front of the register is used   |  7895 |       |            |           |       |
| Unique Control Sets                        |  1471 |       |          0 |    106320 |  1.38 |
+--------------------------------------------+-------+-------+------------+-----------+-------+
* * Note: Available Control Sets calculated as Slices * 2, Review the Control Sets Report for more information regarding control sets.


3. BLOCKRAM
-----------

+-------------------+------+-------+------------+-----------+-------+
|     Site Type     | Used | Fixed | Prohibited | Available | Util% |
+-------------------+------+-------+------------+-----------+-------+
| Block RAM Tile    |  252 |     0 |          0 |      1080 | 23.33 |
|   RAMB36/FIFO*    |  225 |     0 |          0 |      1080 | 20.83 |
|     RAMB36E2 only |  225 |       |            |           |       |
|   RAMB18          |   54 |     0 |          0 |      2160 |  2.50 |
|     RAMB18E2 only |   54 |       |            |           |       |
| URAM              |    0 |     0 |          0 |        80 |  0.00 |
+-------------------+------+-------+------------+-----------+-------+
* Note: Each Block RAM Tile only has one FIFO logic available and therefore can accommodate only one FIFO36E2 or one FIFO18E2. However, if a FIFO18E2 occupies a Block RAM Tile, that tile can still accommodate a RAMB18E2


4. ARITHMETIC
-------------

+----------------+------+-------+------------+-----------+-------+
|    Site Type   | Used | Fixed | Prohibited | Available | Util% |
+----------------+------+-------+------------+-----------+-------+
| DSPs           |  102 |     0 |          0 |      4272 |  2.39 |
|   DSP48E2 only |  102 |       |            |           |       |
+----------------+------+-------+------------+-----------+-------+


5. I/O
------

+------------------+------+-------+------------+-----------+--------+
|     Site Type    | Used | Fixed | Prohibited | Available |  Util% |
+------------------+------+-------+------------+-----------+--------+
| Bonded IOB       |   15 |    10 |          0 |       347 |   4.32 |
| HPIOB_M          |    4 |     4 |          0 |       138 |   2.90 |
|   INPUT          |    2 |       |            |           |        |
|   OUTPUT         |    2 |       |            |           |        |
|   BIDIR          |    0 |       |            |           |        |
| HPIOB_S          |    4 |     4 |          0 |       138 |   2.90 |
|   INPUT          |    1 |       |            |           |        |
|   OUTPUT         |    3 |       |            |           |        |
|   BIDIR          |    0 |       |            |           |        |
| HDIOB_M          |    3 |     0 |          0 |        24 |  12.50 |
|   INPUT          |    0 |       |            |           |        |
|   OUTPUT         |    3 |       |            |           |        |
|   BIDIR          |    0 |       |            |           |        |
| HDIOB_S          |    3 |     1 |          0 |        24 |  12.50 |
|   INPUT          |    1 |       |            |           |        |
|   OUTPUT         |    2 |       |            |           |        |
|   BIDIR          |    0 |       |            |           |        |
| HPIOB_SNGL       |    1 |     1 |          0 |        23 |   4.35 |
|   INPUT          |    0 |       |            |           |        |
|   OUTPUT         |    1 |       |            |           |        |
|   BIDIR          |    0 |       |            |           |        |
| HPIOBDIFFINBUF   |    1 |     1 |          0 |       192 |   0.52 |
|   DIFFINBUF      |    1 |     1 |            |           |        |
| HPIOBDIFFOUTBUF  |    0 |     0 |          0 |       192 |   0.00 |
| HDIOBDIFFINBUF   |    0 |     0 |          0 |        72 |   0.00 |
| BITSLICE_CONTROL |    0 |     0 |          0 |        64 |   0.00 |
| BITSLICE_RX_TX   |    0 |     0 |          0 |      2496 |   0.00 |
| BITSLICE_TX      |    0 |     0 |          0 |        64 |   0.00 |
| RIU_OR           |    0 |     0 |          0 |        32 |   0.00 |
| HSADC            |    4 |     4 |          0 |         4 | 100.00 |
| HSDAC            |    2 |     2 |          0 |         4 |  50.00 |
+------------------+------+-------+------------+-----------+--------+


6. CLOCK
--------

+----------------------+------+-------+------------+-----------+-------+
|       Site Type      | Used | Fixed | Prohibited | Available | Util% |
+----------------------+------+-------+------------+-----------+-------+
| GLOBAL CLOCK BUFFERs |    8 |     0 |          0 |       696 |  1.15 |
|   BUFGCE             |    5 |     0 |          0 |       216 |  2.31 |
|   BUFGCE_DIV         |    0 |     0 |          0 |        32 |  0.00 |
|   BUFG_GT            |    2 |     0 |          0 |       312 |  0.64 |
|   BUFG_PS            |    1 |     0 |          0 |        72 |  1.39 |
|   BUFGCTRL*          |    0 |     0 |          0 |        64 |  0.00 |
| PLL                  |    0 |     0 |          0 |        16 |  0.00 |
| MMCM                 |    1 |     0 |          0 |         8 | 12.50 |
+----------------------+------+-------+------------+-----------+-------+
* Note: Each used BUFGCTRL counts as two GLOBAL CLOCK BUFFERs. This table does not include global clocking resources, only buffer cell usage. See the Clock Utilization Report (report_clock_utilization) for detailed accounting of global clocking resource availability.


7. ADVANCED
-----------

+-----------------+------+-------+------------+-----------+--------+
|    Site Type    | Used | Fixed | Prohibited | Available |  Util% |
+-----------------+------+-------+------------+-----------+--------+
| CMACE4          |    0 |     0 |          0 |         2 |   0.00 |
| FE              |    2 |     2 |          0 |         8 |  25.00 |
| GTYE4_CHANNEL   |    0 |     0 |          0 |        16 |   0.00 |
| GTYE4_COMMON    |    0 |     0 |          0 |         4 |   0.00 |
| HSADC           |    4 |     4 |          0 |         4 | 100.00 |
| HSDAC           |    2 |     2 |          0 |         4 |  50.00 |
| ILKNE4          |    0 |     0 |          0 |         1 |   0.00 |
| OBUFDS_GTE4     |    0 |     0 |          0 |         8 |   0.00 |
| OBUFDS_GTE4_ADV |    0 |     0 |          0 |         8 |   0.00 |
| PCIE40E4        |    0 |     0 |          0 |         2 |   0.00 |
| PS8             |    1 |     0 |          0 |         1 | 100.00 |
| SYSMONE4        |    0 |     0 |          0 |         1 |   0.00 |
+-----------------+------+-------+------------+-----------+--------+


8. CONFIGURATION
----------------

+-------------+------+-------+------------+-----------+-------+
|  Site Type  | Used | Fixed | Prohibited | Available | Util% |
+-------------+------+-------+------------+-----------+-------+
| BSCANE2     |    0 |     0 |          0 |         4 |  0.00 |
| DNA_PORTE2  |    0 |     0 |          0 |         1 |  0.00 |
| EFUSE_USR   |    0 |     0 |          0 |         1 |  0.00 |
| FRAME_ECCE4 |    0 |     0 |          0 |         1 |  0.00 |
| ICAPE3      |    0 |     0 |          0 |         2 |  0.00 |
| MASTER_JTAG |    0 |     0 |          0 |         1 |  0.00 |
| STARTUPE3   |    0 |     0 |          0 |         1 |  0.00 |
+-------------+------+-------+------------+-----------+-------+


9. Primitives
-------------

+--------------+-------+---------------------+
|   Ref Name   |  Used | Functional Category |
+--------------+-------+---------------------+
| FDRE         | 37180 |            Register |
| LUT6         | 10552 |                 CLB |
| LUT3         |  5625 |                 CLB |
| LUT5         |  4829 |                 CLB |
| LUT4         |  4644 |                 CLB |
| LUT2         |  4019 |                 CLB |
| FDSE         |  1522 |            Register |
| MUXF7        |   840 |                 CLB |
| CARRY8       |   810 |                 CLB |
| SRL16E       |   661 |                 CLB |
| RAMD32       |   620 |                 CLB |
| LUT1         |   500 |                 CLB |
| MUXF8        |   284 |                 CLB |
| FDCE         |   268 |            Register |
| RAMB36E2     |   225 |            BLOCKRAM |
| FDPE         |   176 |            Register |
| DSP48E2      |   102 |          Arithmetic |
| RAMS32       |    92 |                 CLB |
| SRLC32E      |    70 |                 CLB |
| RAMB18E2     |    54 |            BLOCKRAM |
| OBUF         |    11 |                 I/O |
| BUFGCE       |     5 |               Clock |
| HSADC        |     4 |            Advanced |
| IBUFCTRL     |     3 |              Others |
| INBUF        |     2 |                 I/O |
| HSDAC        |     2 |            Advanced |
| FE           |     2 |            Advanced |
| BUFG_GT_SYNC |     2 |               Clock |
| BUFG_GT      |     2 |               Clock |
| PS8          |     1 |            Advanced |
| MMCME4_ADV   |     1 |               Clock |
| DIFFINBUF    |     1 |                 I/O |
| BUFG_PS      |     1 |               Clock |
+--------------+-------+---------------------+


10. Black Boxes
---------------

+----------+------+
| Ref Name | Used |
+----------+------+


11. Instantiated Netlists
-------------------------

+---------------------------------------+------+
|                Ref Name               | Used |
+---------------------------------------+------+
| project_1_zynq_ultra_ps_e_0_0         |    1 |
| project_1_xbar_1                      |    1 |
| project_1_xbar_0                      |    1 |
| project_1_usp_rf_data_converter_0_i_0 |    1 |
| project_1_stats_0                     |    1 |
| project_1_src_data_fifo_0             |    1 |
| project_1_src_data_broadcast_0        |    1 |
| project_1_sd_fec_enc_0                |    1 |
| project_1_sd_fec_dec_0                |    1 |
| project_1_rtc_0                       |    1 |
| project_1_rst_zynq_ultra_ps_e_0_99M_0 |    1 |
| project_1_rst_clk_wiz_300M_0          |    1 |
| project_1_rst_clk_wiz_100M_0          |    1 |
| project_1_mod_and_chan_0              |    1 |
| project_1_m10_regslice_0              |    1 |
| project_1_m09_regslice_0              |    1 |
| project_1_m08_regslice_0              |    1 |
| project_1_m07_regslice_0              |    1 |
| project_1_m06_regslice_0              |    1 |
| project_1_m05_regslice_0              |    1 |
| project_1_m04_regslice_0              |    1 |
| project_1_m03_regslice_0              |    1 |
| project_1_m02_regslice_0              |    1 |
| project_1_m01_regslice_0              |    1 |
| project_1_m00_regslice_0              |    1 |
| project_1_llr_reshape_0               |    1 |
| project_1_llr_reinterpret_0           |    1 |
| project_1_hard_data_reg_0             |    1 |
| project_1_hard_chan_data_fifo_0       |    1 |
| project_1_gpio_reset_0                |    1 |
| project_1_enc_op_probe_0              |    1 |
| project_1_enc_op_mon_0                |    1 |
| project_1_enc_keep_ctrl_fifo_0        |    1 |
| project_1_enc_ip_probe_0              |    1 |
| project_1_enc_ip_mon_0                |    1 |
| project_1_enc_data_reinterpret_0      |    1 |
| project_1_enc_data_fifo_0             |    1 |
| project_1_enc_ctrl_reinterpret_0      |    1 |
| project_1_enc_add_keep_trim_0         |    1 |
| project_1_enc_add_keep_0              |    1 |
| project_1_demod_0                     |    1 |
| project_1_dec_stat_reinterpret_0      |    1 |
| project_1_dec_op_probe_0              |    1 |
| project_1_dec_op_mon_0                |    1 |
| project_1_dec_keep_ctrl_fifo_0        |    1 |
| project_1_dec_ip_probe_0              |    1 |
| project_1_dec_ip_mon_0                |    1 |
| project_1_dec_data_reinterpret_0      |    1 |
| project_1_dec_ctrl_reinterpret_0      |    1 |
| project_1_dec_ctrl_reg_0              |    1 |
| project_1_dec_ctrl_fifo_0             |    1 |
| project_1_dec_add_keep_trim_0         |    1 |
| project_1_dec_add_keep_0              |    1 |
| project_1_data_source_0               |    1 |
| project_1_dac_source_i_0              |    1 |
| project_1_clk_wiz_0                   |    1 |
| project_1_chan_ctrl_reg_0             |    1 |
| project_1_chan_ctrl_fifo_0            |    1 |
| project_1_axi_intc_0                  |    1 |
| project_1_axi_gpio_0                  |    1 |
| project_1_auto_pc_1                   |    1 |
| project_1_auto_pc_0                   |    1 |
| project_1_auto_ds_1                   |    1 |
| project_1_auto_ds_0                   |    1 |
| project_1_auto_cc_0                   |    1 |
| project_1_adc_sink_i_0                |    1 |
+---------------------------------------+------+


